<?xml version="1.0" encoding="UTF-8"?>
<testsuite xmlns:xsi="http://www.w3.org/2001/XMLSchema-instance" xsi:noNamespaceSchemaLocation="https://maven.apache.org/surefire/maven-surefire-plugin/xsd/surefire-test-report-3.0.xsd" version="3.0" name="com.example.managementSystem.ManagementSystemApplicationTests" time="4.471" tests="1" errors="0" skipped="0" failures="0">
  <properties>
[...]
</properties>
  <testcase name="contextLoads" classname="com.example.managementSystem.ManagementSystemApplicationTests" time="1.045">
    <system-out><![CDATA[23:14:50.717 [main] INFO org.springframework.test.context.support.AnnotationConfigContextLoaderUtils -- Could not detect default configuration classes for test class [com.example.managementSystem.ManagementSystemApplicationTests]: ManagementSystemApplicationTests does not declare any static, non-private, non-final, nested classes annotated with @Configuration.
23:14:50.842 [main] INFO org.springframework.boot.test.context.SpringBootTestContextBootstrapper -- Found @SpringBootConfiguration com.example.managementSystem.ManagementSystemApplication for test class com.example.managementSystem.ManagementSystemApplicationTests

  .   ____          _            __ _ _
 /\\ / ___'_ __ _ _(_)_ __  __ _ \ \ \ \
( ( )\___ | '_ | '_| | '_ \/ _` | \ \ \ \
 \\/  ___)| |_)| | | | | || (_| |  ) ) ) )
  '  |____| .__|_| |_|_| |_\__, | / / / /
 =========|_|==============|___/=/_/_/_/

 :: Spring Boot ::               (v3.3.13)

2025-06-29T23:14:51.369+05:30  INFO 7196 --- [managementSystem] [           main] c.e.m.ManagementSystemApplicationTests   : Starting ManagementSystemApplicationTests using Java 17.0.12 with PID 7196 (started by rajde in C:\karyalayprabandhan\Backend)
2025-06-29T23:14:51.371+05:30  INFO 7196 --- [managementSystem] [           main] c.e.m.ManagementSystemApplicationTests   : No active profile set, falling back to 1 default profile: "default"
2025-06-29T23:14:52.214+05:30  INFO 7196 --- [managementSystem] [           main] .s.d.r.c.RepositoryConfigurationDelegate : Bootstrapping Spring Data MongoDB repositories in DEFAULT mode.
2025-06-29T23:14:52.288+05:30  INFO 7196 --- [managementSystem] [           main] .s.d.r.c.RepositoryConfigurationDelegate : Finished Spring Data repository scanning in 66 ms. Found 1 MongoDB repository interface.
2025-06-29T23:14:53.012+05:30  INFO 7196 --- [managementSystem] [           main] org.mongodb.driver.client                : MongoClient with metadata {"driver": {"name": "mongo-java-driver|sync|spring-boot", "version": "5.0.1"}, "os": {"type": "Windows", "name": "Windows 11", "architecture": "amd64", "version": "10.0"}, "platform": "Java/Microsoft/17.0.12+7-LTS"} created with settings MongoClientSettings{readPreference=primary, writeConcern=WriteConcern{w=null, wTimeout=null ms, journal=null}, retryWrites=true, retryReads=true, readConcern=ReadConcern{level=null}, credential=MongoCredential{mechanism=null, userName='rajkumardewangan021', source='admin', password=<hidden>, mechanismProperties=<hidden>}, transportSettings=null, commandListeners=[], codecRegistry=ProvidersCodecRegistry{codecProviders=[ValueCodecProvider{}, BsonValueCodecProvider{}, DBRefCodecProvider{}, DBObjectCodecProvider{}, DocumentCodecProvider{}, CollectionCodecProvider{}, IterableCodecProvider{}, MapCodecProvider{}, GeoJsonCodecProvider{}, GridFSFileCodecProvider{}, Jsr310CodecProvider{}, JsonObjectCodecProvider{}, BsonCodecProvider{}, EnumCodecProvider{}, com.mongodb.client.model.mql.ExpressionCodecProvider@1f2f0109, com.mongodb.Jep395RecordCodecProvider@483b0690, com.mongodb.KotlinCodecProvider@687e6293]}, loggerSettings=LoggerSettings{maxDocumentLength=1000}, clusterSettings={hosts=[127.0.0.1:27017], srvHost=cluster0.spz3aax.mongodb.net, srvServiceName=mongodb, mode=MULTIPLE, requiredClusterType=REPLICA_SET, requiredReplicaSetName='atlas-muzjfs-shard-0', serverSelector='null', clusterListeners='[]', serverSelectionTimeout='30000 ms', localThreshold='15 ms'}, socketSettings=SocketSettings{connectTimeoutMS=10000, readTimeoutMS=0, receiveBufferSize=0, proxySettings=ProxySettings{host=null, port=null, username=null, password=null}}, heartbeatSocketSettings=SocketSettings{connectTimeoutMS=10000, readTimeoutMS=10000, receiveBufferSize=0, proxySettings=ProxySettings{host=null, port=null, username=null, password=null}}, connectionPoolSettings=ConnectionPoolSettings{maxSize=100, minSize=0, maxWaitTimeMS=120000, maxConnectionLifeTimeMS=0, maxConnectionIdleTimeMS=0, maintenanceInitialDelayMS=0, maintenanceFrequencyMS=60000, connectionPoolListeners=[], maxConnecting=2}, serverSettings=ServerSettings{heartbeatFrequencyMS=10000, minHeartbeatFrequencyMS=500, serverListeners='[]', serverMonitorListeners='[]'}, sslSettings=SslSettings{enabled=true, invalidHostNameAllowed=false, context=null}, applicationName='null', compressorList=[], uuidRepresentation=JAVA_LEGACY, serverApi=null, autoEncryptionSettings=null, dnsClient=null, inetAddressResolver=null, contextProvider=null}
2025-06-29T23:14:53.230+05:30  INFO 7196 --- [managementSystem] [aax.mongodb.net] org.mongodb.driver.cluster               : Adding discovered server ac-sqj7wxd-shard-00-02.spz3aax.mongodb.net:27017 to client view of cluster
2025-06-29T23:14:53.263+05:30  INFO 7196 --- [managementSystem] [aax.mongodb.net] org.mongodb.driver.cluster               : Adding discovered server ac-sqj7wxd-shard-00-00.spz3aax.mongodb.net:27017 to client view of cluster
2025-06-29T23:14:53.267+05:30  INFO 7196 --- [managementSystem] [aax.mongodb.net] org.mongodb.driver.cluster               : Adding discovered server ac-sqj7wxd-shard-00-01.spz3aax.mongodb.net:27017 to client view of cluster
2025-06-29T23:14:53.535+05:30  INFO 7196 --- [managementSystem] [           main] o.s.b.a.w.s.WelcomePageHandlerMapping    : Adding welcome page: class path resource [static/index.html]
2025-06-29T23:14:53.894+05:30  INFO 7196 --- [managementSystem] [           main] c.e.m.ManagementSystemApplicationTests   : Started ManagementSystemApplicationTests in 2.822 seconds (process running for 4.039)
2025-06-29T23:14:54.556+05:30  INFO 7196 --- [managementSystem] [ngodb.net:27017] org.mongodb.driver.cluster               : Monitor thread successfully connected to server with description ServerDescription{address=ac-sqj7wxd-shard-00-00.spz3aax.mongodb.net:27017, type=REPLICA_SET_SECONDARY, state=CONNECTED, ok=true, minWireVersion=0, maxWireVersion=25, maxDocumentSize=16777216, logicalSessionTimeoutMinutes=30, roundTripTimeNanos=462538800, setName='atlas-muzjfs-shard-0', canonicalAddress=ac-sqj7wxd-shard-00-00.spz3aax.mongodb.net:27017, hosts=[ac-sqj7wxd-shard-00-00.spz3aax.mongodb.net:27017, ac-sqj7wxd-shard-00-02.spz3aax.mongodb.net:27017, ac-sqj7wxd-shard-00-01.spz3aax.mongodb.net:27017], passives=[], arbiters=[], primary='ac-sqj7wxd-shard-00-01.spz3aax.mongodb.net:27017', tagSet=TagSet{[Tag{name='availabilityZone', value='aps1-az1'}, Tag{name='diskState', value='READY'}, Tag{name='nodeType', value='ELECTABLE'}, Tag{name='provider', value='AWS'}, Tag{name='region', value='AP_SOUTH_1'}, Tag{name='workloadType', value='OPERATIONAL'}]}, electionId=null, setVersion=403, topologyVersion=TopologyVersion{processId=68558e00e9639745b0365c8e, counter=5}, lastWriteDate=Sun Jun 29 23:14:54 IST 2025, lastUpdateTimeNanos=3941241460200}
2025-06-29T23:14:54.556+05:30  INFO 7196 --- [managementSystem] [ngodb.net:27017] org.mongodb.driver.cluster               : Monitor thread successfully connected to server with description ServerDescription{address=ac-sqj7wxd-shard-00-02.spz3aax.mongodb.net:27017, type=REPLICA_SET_SECONDARY, state=CONNECTED, ok=true, minWireVersion=0, maxWireVersion=25, maxDocumentSize=16777216, logicalSessionTimeoutMinutes=30, roundTripTimeNanos=462347500, setName='atlas-muzjfs-shard-0', canonicalAddress=ac-sqj7wxd-shard-00-02.spz3aax.mongodb.net:27017, hosts=[ac-sqj7wxd-shard-00-00.spz3aax.mongodb.net:27017, ac-sqj7wxd-shard-00-02.spz3aax.mongodb.net:27017, ac-sqj7wxd-shard-00-01.spz3aax.mongodb.net:27017], passives=[], arbiters=[], primary='ac-sqj7wxd-shard-00-01.spz3aax.mongodb.net:27017', tagSet=TagSet{[Tag{name='availabilityZone', value='aps1-az2'}, Tag{name='diskState', value='READY'}, Tag{name='nodeType', value='ELECTABLE'}, Tag{name='provider', value='AWS'}, Tag{name='region', value='AP_SOUTH_1'}, Tag{name='workloadType', value='OPERATIONAL'}]}, electionId=null, setVersion=403, topologyVersion=TopologyVersion{processId=68558f6f75a3abc9691b893b, counter=5}, lastWriteDate=Sun Jun 29 23:14:54 IST 2025, lastUpdateTimeNanos=3941241284900}
2025-06-29T23:14:54.556+05:30  INFO 7196 --- [managementSystem] [ngodb.net:27017] org.mongodb.driver.cluster               : Monitor thread successfully connected to server with description ServerDescription{address=ac-sqj7wxd-shard-00-01.spz3aax.mongodb.net:27017, type=REPLICA_SET_PRIMARY, state=CONNECTED, ok=true, minWireVersion=0, maxWireVersion=25, maxDocumentSize=16777216, logicalSessionTimeoutMinutes=30, roundTripTimeNanos=462358700, setName='atlas-muzjfs-shard-0', canonicalAddress=ac-sqj7wxd-shard-00-01.spz3aax.mongodb.net:27017, hosts=[ac-sqj7wxd-shard-00-00.spz3aax.mongodb.net:27017, ac-sqj7wxd-shard-00-02.spz3aax.mongodb.net:27017, ac-sqj7wxd-shard-00-01.spz3aax.mongodb.net:27017], passives=[], arbiters=[], primary='ac-sqj7wxd-shard-00-01.spz3aax.mongodb.net:27017', tagSet=TagSet{[Tag{name='availabilityZone', value='aps1-az3'}, Tag{name='diskState', value='READY'}, Tag{name='nodeType', value='ELECTABLE'}, Tag{name='provider', value='AWS'}, Tag{name='region', value='AP_SOUTH_1'}, Tag{name='workloadType', value='OPERATIONAL'}]}, electionId=7fffffff000000000000015b, setVersion=403, topologyVersion=TopologyVersion{processId=68558d36011db6258bb0d5ef, counter=9}, lastWriteDate=Sun Jun 29 23:14:54 IST 2025, lastUpdateTimeNanos=3941241284900}
2025-06-29T23:14:54.562+05:30  INFO 7196 --- [managementSystem] [ngodb.net:27017] org.mongodb.driver.cluster               : Discovered replica set primary ac-sqj7wxd-shard-00-01.spz3aax.mongodb.net:27017 with max election id 7fffffff000000000000015b and max set version 403
]]></system-out>
  </testcase>
</testsuite>