<?xml version="1.0" encoding="UTF-8"?>
<testsuite xmlns:xsi="http://www.w3.org/2001/XMLSchema-instance" xsi:noNamespaceSchemaLocation="https://maven.apache.org/surefire/maven-surefire-plugin/xsd/surefire-test-report-3.0.xsd" version="3.0" name="com.example.managementSystem.ManagementSystemApplicationTests" time="5.253" tests="1" errors="0" skipped="0" failures="0">
  <properties>
[...]
</properties>
  <testcase name="contextLoads" classname="com.example.managementSystem.ManagementSystemApplicationTests" time="0.985">
    <system-out><![CDATA[16:03:21.230 [main] INFO org.springframework.test.context.support.AnnotationConfigContextLoaderUtils -- Could not detect default configuration classes for test class [com.example.managementSystem.ManagementSystemApplicationTests]: ManagementSystemApplicationTests does not declare any static, non-private, non-final, nested classes annotated with @Configuration.
16:03:21.352 [main] INFO org.springframework.boot.test.context.SpringBootTestContextBootstrapper -- Found @SpringBootConfiguration com.example.managementSystem.ManagementSystemApplication for test class com.example.managementSystem.ManagementSystemApplicationTests

  .   ____          _            __ _ _
 /\\ / ___'_ __ _ _(_)_ __  __ _ \ \ \ \
( ( )\___ | '_ | '_| | '_ \/ _` | \ \ \ \
 \\/  ___)| |_)| | | | | || (_| |  ) ) ) )
  '  |____| .__|_| |_|_| |_\__, | / / / /
 =========|_|==============|___/=/_/_/_/

 :: Spring Boot ::               (v3.3.13)

2025-07-11T16:03:21.888+05:30  INFO 17664 --- [managementSystem] [           main] c.e.m.ManagementSystemApplicationTests   : Starting ManagementSystemApplicationTests using Java 21.0.7 with PID 17664 (started by Dell in C:\Users\Dell\Downloads\managementSystem\managementSystem)
2025-07-11T16:03:21.889+05:30  INFO 17664 --- [managementSystem] [           main] c.e.m.ManagementSystemApplicationTests   : No active profile set, falling back to 1 default profile: "default"
2025-07-11T16:03:22.972+05:30  INFO 17664 --- [managementSystem] [           main] .s.d.r.c.RepositoryConfigurationDelegate : Bootstrapping Spring Data MongoDB repositories in DEFAULT mode.
2025-07-11T16:03:23.067+05:30  INFO 17664 --- [managementSystem] [           main] .s.d.r.c.RepositoryConfigurationDelegate : Finished Spring Data repository scanning in 88 ms. Found 1 MongoDB repository interface.
2025-07-11T16:03:23.782+05:30  INFO 17664 --- [managementSystem] [           main] org.mongodb.driver.client                : MongoClient with metadata {"driver": {"name": "mongo-java-driver|sync|spring-boot", "version": "5.0.1"}, "os": {"type": "Windows", "name": "Windows 11", "architecture": "amd64", "version": "10.0"}, "platform": "Java/Eclipse Adoptium/21.0.7+6-LTS"} created with settings MongoClientSettings{readPreference=primary, writeConcern=WriteConcern{w=null, wTimeout=null ms, journal=null}, retryWrites=true, retryReads=true, readConcern=ReadConcern{level=null}, credential=MongoCredential{mechanism=null, userName='rajkumardewangan021', source='admin', password=<hidden>, mechanismProperties=<hidden>}, transportSettings=null, commandListeners=[], codecRegistry=ProvidersCodecRegistry{codecProviders=[ValueCodecProvider{}, BsonValueCodecProvider{}, DBRefCodecProvider{}, DBObjectCodecProvider{}, DocumentCodecProvider{}, CollectionCodecProvider{}, IterableCodecProvider{}, MapCodecProvider{}, GeoJsonCodecProvider{}, GridFSFileCodecProvider{}, Jsr310CodecProvider{}, JsonObjectCodecProvider{}, BsonCodecProvider{}, EnumCodecProvider{}, com.mongodb.client.model.mql.ExpressionCodecProvider@35ef439e, com.mongodb.Jep395RecordCodecProvider@4997552e, com.mongodb.KotlinCodecProvider@7bcecef6]}, loggerSettings=LoggerSettings{maxDocumentLength=1000}, clusterSettings={hosts=[127.0.0.1:27017], srvHost=cluster0.spz3aax.mongodb.net, srvServiceName=mongodb, mode=MULTIPLE, requiredClusterType=REPLICA_SET, requiredReplicaSetName='atlas-muzjfs-shard-0', serverSelector='null', clusterListeners='[]', serverSelectionTimeout='30000 ms', localThreshold='15 ms'}, socketSettings=SocketSettings{connectTimeoutMS=10000, readTimeoutMS=0, receiveBufferSize=0, proxySettings=ProxySettings{host=null, port=null, username=null, password=null}}, heartbeatSocketSettings=SocketSettings{connectTimeoutMS=10000, readTimeoutMS=10000, receiveBufferSize=0, proxySettings=ProxySettings{host=null, port=null, username=null, password=null}}, connectionPoolSettings=ConnectionPoolSettings{maxSize=100, minSize=0, maxWaitTimeMS=120000, maxConnectionLifeTimeMS=0, maxConnectionIdleTimeMS=0, maintenanceInitialDelayMS=0, maintenanceFrequencyMS=60000, connectionPoolListeners=[], maxConnecting=2}, serverSettings=ServerSettings{heartbeatFrequencyMS=10000, minHeartbeatFrequencyMS=500, serverListeners='[]', serverMonitorListeners='[]'}, sslSettings=SslSettings{enabled=true, invalidHostNameAllowed=false, context=null}, applicationName='null', compressorList=[], uuidRepresentation=JAVA_LEGACY, serverApi=null, autoEncryptionSettings=null, dnsClient=null, inetAddressResolver=null, contextProvider=null}
2025-07-11T16:03:23.882+05:30  INFO 17664 --- [managementSystem] [aax.mongodb.net] org.mongodb.driver.cluster               : Adding discovered server ac-sqj7wxd-shard-00-02.spz3aax.mongodb.net:27017 to client view of cluster
2025-07-11T16:03:23.913+05:30  INFO 17664 --- [managementSystem] [aax.mongodb.net] org.mongodb.driver.cluster               : Adding discovered server ac-sqj7wxd-shard-00-00.spz3aax.mongodb.net:27017 to client view of cluster
2025-07-11T16:03:23.916+05:30  INFO 17664 --- [managementSystem] [aax.mongodb.net] org.mongodb.driver.cluster               : Adding discovered server ac-sqj7wxd-shard-00-01.spz3aax.mongodb.net:27017 to client view of cluster
2025-07-11T16:03:24.631+05:30  INFO 17664 --- [managementSystem] [           main] o.s.b.a.w.s.WelcomePageHandlerMapping    : Adding welcome page: class path resource [static/index.html]
2025-07-11T16:03:24.696+05:30  INFO 17664 --- [managementSystem] [ngodb.net:27017] org.mongodb.driver.cluster               : Monitor thread successfully connected to server with description ServerDescription{address=ac-sqj7wxd-shard-00-02.spz3aax.mongodb.net:27017, type=REPLICA_SET_SECONDARY, state=CONNECTED, ok=true, minWireVersion=0, maxWireVersion=25, maxDocumentSize=16777216, logicalSessionTimeoutMinutes=30, roundTripTimeNanos=425306200, setName='atlas-muzjfs-shard-0', canonicalAddress=ac-sqj7wxd-shard-00-02.spz3aax.mongodb.net:27017, hosts=[ac-sqj7wxd-shard-00-00.spz3aax.mongodb.net:27017, ac-sqj7wxd-shard-00-02.spz3aax.mongodb.net:27017, ac-sqj7wxd-shard-00-01.spz3aax.mongodb.net:27017], passives=[], arbiters=[], primary='ac-sqj7wxd-shard-00-01.spz3aax.mongodb.net:27017', tagSet=TagSet{[Tag{name='availabilityZone', value='aps1-az2'}, Tag{name='diskState', value='READY'}, Tag{name='nodeType', value='ELECTABLE'}, Tag{name='provider', value='AWS'}, Tag{name='region', value='AP_SOUTH_1'}, Tag{name='workloadType', value='OPERATIONAL'}]}, electionId=null, setVersion=406, topologyVersion=TopologyVersion{processId=686c4dba985dc9c38e52ad60, counter=3}, lastWriteDate=Fri Jul 11 16:03:14 IST 2025, lastUpdateTimeNanos=18561479577900}
2025-07-11T16:03:24.700+05:30  INFO 17664 --- [managementSystem] [ngodb.net:27017] org.mongodb.driver.cluster               : Monitor thread successfully connected to server with description ServerDescription{address=ac-sqj7wxd-shard-00-00.spz3aax.mongodb.net:27017, type=REPLICA_SET_SECONDARY, state=CONNECTED, ok=true, minWireVersion=0, maxWireVersion=25, maxDocumentSize=16777216, logicalSessionTimeoutMinutes=30, roundTripTimeNanos=433985600, setName='atlas-muzjfs-shard-0', canonicalAddress=ac-sqj7wxd-shard-00-00.spz3aax.mongodb.net:27017, hosts=[ac-sqj7wxd-shard-00-00.spz3aax.mongodb.net:27017, ac-sqj7wxd-shard-00-02.spz3aax.mongodb.net:27017, ac-sqj7wxd-shard-00-01.spz3aax.mongodb.net:27017], passives=[], arbiters=[], primary='ac-sqj7wxd-shard-00-01.spz3aax.mongodb.net:27017', tagSet=TagSet{[Tag{name='availabilityZone', value='aps1-az1'}, Tag{name='diskState', value='READY'}, Tag{name='nodeType', value='ELECTABLE'}, Tag{name='provider', value='AWS'}, Tag{name='region', value='AP_SOUTH_1'}, Tag{name='workloadType', value='OPERATIONAL'}]}, electionId=null, setVersion=406, topologyVersion=TopologyVersion{processId=686c4c5a20c1b0da1959ab81, counter=4}, lastWriteDate=Fri Jul 11 16:03:14 IST 2025, lastUpdateTimeNanos=18561488798600}
2025-07-11T16:03:24.722+05:30  INFO 17664 --- [managementSystem] [ngodb.net:27017] org.mongodb.driver.cluster               : Monitor thread successfully connected to server with description ServerDescription{address=ac-sqj7wxd-shard-00-01.spz3aax.mongodb.net:27017, type=REPLICA_SET_PRIMARY, state=CONNECTED, ok=true, minWireVersion=0, maxWireVersion=25, maxDocumentSize=16777216, logicalSessionTimeoutMinutes=30, roundTripTimeNanos=455689600, setName='atlas-muzjfs-shard-0', canonicalAddress=ac-sqj7wxd-shard-00-01.spz3aax.mongodb.net:27017, hosts=[ac-sqj7wxd-shard-00-00.spz3aax.mongodb.net:27017, ac-sqj7wxd-shard-00-02.spz3aax.mongodb.net:27017, ac-sqj7wxd-shard-00-01.spz3aax.mongodb.net:27017], passives=[], arbiters=[], primary='ac-sqj7wxd-shard-00-01.spz3aax.mongodb.net:27017', tagSet=TagSet{[Tag{name='availabilityZone', value='aps1-az3'}, Tag{name='diskState', value='READY'}, Tag{name='nodeType', value='ELECTABLE'}, Tag{name='provider', value='AWS'}, Tag{name='region', value='AP_SOUTH_1'}, Tag{name='workloadType', value='OPERATIONAL'}]}, electionId=7fffffff0000000000000161, setVersion=406, topologyVersion=TopologyVersion{processId=686c4b796fe2f44d3f171735, counter=6}, lastWriteDate=Fri Jul 11 16:03:14 IST 2025, lastUpdateTimeNanos=18561509962400}
2025-07-11T16:03:24.723+05:30  INFO 17664 --- [managementSystem] [ngodb.net:27017] org.mongodb.driver.cluster               : Discovered replica set primary ac-sqj7wxd-shard-00-01.spz3aax.mongodb.net:27017 with max election id 7fffffff0000000000000161 and max set version 406
2025-07-11T16:03:25.255+05:30  INFO 17664 --- [managementSystem] [           main] c.e.m.ManagementSystemApplicationTests   : Started ManagementSystemApplicationTests in 3.714 seconds (process running for 4.88)
]]></system-out>
    <system-err><![CDATA[WARNING: A Java agent has been loaded dynamically (C:\Users\Dell\.m2\repository\net\bytebuddy\byte-buddy-agent\1.14.19\byte-buddy-agent-1.14.19.jar)
WARNING: If a serviceability tool is in use, please run with -XX:+EnableDynamicAgentLoading to hide this warning
WARNING: If a serviceability tool is not in use, please run with -Djdk.instrument.traceUsage for more information
WARNING: Dynamic loading of agents will be disallowed by default in a future release
]]></system-err>
  </testcase>
</testsuite>